c:\users\chere\onedrive\рабочий стол\кп\cay-2024\cay-2024\debug\vc143.pdb
c:\users\chere\onedrive\рабочий стол\кп\cay-2024\cay-2024\debug\vc143.idb
c:\users\chere\onedrive\рабочий стол\кп\cay-2024\cay-2024\debug\sa.obj
c:\users\chere\onedrive\рабочий стол\кп\cay-2024\cay-2024\debug\polish.obj
c:\users\chere\onedrive\рабочий стол\кп\cay-2024\cay-2024\debug\parm.obj
c:\users\chere\onedrive\рабочий стол\кп\cay-2024\cay-2024\debug\out.obj
c:\users\chere\onedrive\рабочий стол\кп\cay-2024\cay-2024\debug\mfst.obj
c:\users\chere\onedrive\рабочий стол\кп\cay-2024\cay-2024\debug\lt.obj
c:\users\chere\onedrive\рабочий стол\кп\cay-2024\cay-2024\debug\log.obj
c:\users\chere\onedrive\рабочий стол\кп\cay-2024\cay-2024\debug\la.obj
c:\users\chere\onedrive\рабочий стол\кп\cay-2024\cay-2024\debug\it.obj
c:\users\chere\onedrive\рабочий стол\кп\cay-2024\cay-2024\debug\in.obj
c:\users\chere\onedrive\рабочий стол\кп\cay-2024\cay-2024\debug\grb.obj
c:\users\chere\onedrive\рабочий стол\кп\cay-2024\cay-2024\debug\generator.obj
c:\users\chere\onedrive\рабочий стол\кп\cay-2024\cay-2024\debug\fst.obj
c:\users\chere\onedrive\рабочий стол\кп\cay-2024\cay-2024\debug\error.obj
c:\users\chere\onedrive\рабочий стол\кп\cay-2024\cay-2024\debug\cay-2024.obj
c:\users\chere\onedrive\рабочий стол\кп\cay-2024\debug\cay-2024.exe
c:\users\chere\onedrive\рабочий стол\кп\cay-2024\debug\cay-2024.pdb
c:\users\chere\onedrive\рабочий стол\кп\cay-2024\cay-2024\debug\cay-2024.ilk
c:\users\chere\onedrive\рабочий стол\кп\cay-2024\cay-2024\debug\cay-2024.tlog\cl.command.1.tlog
c:\users\chere\onedrive\рабочий стол\кп\cay-2024\cay-2024\debug\cay-2024.tlog\cl.items.tlog
c:\users\chere\onedrive\рабочий стол\кп\cay-2024\cay-2024\debug\cay-2024.tlog\cl.read.1.tlog
c:\users\chere\onedrive\рабочий стол\кп\cay-2024\cay-2024\debug\cay-2024.tlog\cl.write.1.tlog
c:\users\chere\onedrive\рабочий стол\кп\cay-2024\cay-2024\debug\cay-2024.tlog\link.command.1.tlog
c:\users\chere\onedrive\рабочий стол\кп\cay-2024\cay-2024\debug\cay-2024.tlog\link.read.1.tlog
c:\users\chere\onedrive\рабочий стол\кп\cay-2024\cay-2024\debug\cay-2024.tlog\link.secondary.1.tlog
c:\users\chere\onedrive\рабочий стол\кп\cay-2024\cay-2024\debug\cay-2024.tlog\link.write.1.tlog
